<?xml version="1.0" encoding="UTF-8"?>
<testsuite xmlns:xsi="http://www.w3.org/2001/XMLSchema-instance" xsi:noNamespaceSchemaLocation="https://maven.apache.org/surefire/maven-surefire-plugin/xsd/surefire-test-report.xsd" name="C_ShoppingCartTest" time="0.002" tests="17" errors="0" skipped="0" failures="17">
  <properties>
    <property name="sun.desktop" value="windows"/>
    <property name="awt.toolkit" value="sun.awt.windows.WToolkit"/>
    <property name="java.specification.version" value="11"/>
    <property name="sun.cpu.isalist" value="amd64"/>
    <property name="sun.jnu.encoding" value="Cp1252"/>
    <property name="java.class.path" value="C:\Users\danie\Documents\NetBeansProjects\mooc-java-programming-ii\part09-Part09_10.OnlineShop\target\test-classes;C:\Users\danie\Documents\NetBeansProjects\mooc-java-programming-ii\part09-Part09_10.OnlineShop\target\classes;C:\Users\danie\.m2\repository\junit\junit\4.12\junit-4.12.jar;C:\Users\danie\.m2\repository\org\hamcrest\hamcrest-core\1.3\hamcrest-core-1.3.jar;C:\Users\danie\.m2\repository\fi\helsinki\cs\tmc\edu-test-utils\0.4.2\edu-test-utils-0.4.2.jar;"/>
    <property name="java.vm.vendor" value="AdoptOpenJDK"/>
    <property name="sun.arch.data.model" value="64"/>
    <property name="user.variant" value=""/>
    <property name="java.vendor.url" value="https://adoptopenjdk.net/"/>
    <property name="user.timezone" value="Europe/London"/>
    <property name="java.vm.specification.version" value="11"/>
    <property name="os.name" value="Windows 10"/>
    <property name="sun.java.launcher" value="SUN_STANDARD"/>
    <property name="user.country" value="GB"/>
    <property name="sun.boot.library.path" value="C:\Program Files\AdoptOpenJDK\jdk-11.0.8.10-hotspot\bin"/>
    <property name="sun.java.command" value="C:\Users\danie\AppData\Local\Temp\surefire3471867672606159815\surefirebooter168038431793377113.jar C:\Users\danie\AppData\Local\Temp\surefire3471867672606159815 2020-12-16T11-54-00_995-jvmRun1 surefire16736695548265345164tmp surefire_01487386999149023016tmp"/>
    <property name="jdk.debug" value="release"/>
    <property name="surefire.test.class.path" value="C:\Users\danie\Documents\NetBeansProjects\mooc-java-programming-ii\part09-Part09_10.OnlineShop\target\test-classes;C:\Users\danie\Documents\NetBeansProjects\mooc-java-programming-ii\part09-Part09_10.OnlineShop\target\classes;C:\Users\danie\.m2\repository\junit\junit\4.12\junit-4.12.jar;C:\Users\danie\.m2\repository\org\hamcrest\hamcrest-core\1.3\hamcrest-core-1.3.jar;C:\Users\danie\.m2\repository\fi\helsinki\cs\tmc\edu-test-utils\0.4.2\edu-test-utils-0.4.2.jar;"/>
    <property name="sun.cpu.endian" value="little"/>
    <property name="user.home" value="C:\Users\danie"/>
    <property name="user.language" value="en"/>
    <property name="java.specification.vendor" value="Oracle Corporation"/>
    <property name="java.version.date" value="2020-07-14"/>
    <property name="java.home" value="C:\Program Files\AdoptOpenJDK\jdk-11.0.8.10-hotspot"/>
    <property name="file.separator" value="\"/>
    <property name="basedir" value="C:\Users\danie\Documents\NetBeansProjects\mooc-java-programming-ii\part09-Part09_10.OnlineShop"/>
    <property name="java.vm.compressedOopsMode" value="Zero based"/>
    <property name="line.separator" value="&#10;"/>
    <property name="java.specification.name" value="Java Platform API Specification"/>
    <property name="java.vm.specification.vendor" value="Oracle Corporation"/>
    <property name="java.awt.graphicsenv" value="sun.awt.Win32GraphicsEnvironment"/>
    <property name="surefire.real.class.path" value="C:\Users\danie\AppData\Local\Temp\surefire3471867672606159815\surefirebooter168038431793377113.jar"/>
    <property name="jdk.net.URLClassPath.disableClassPathURLCheck" value="true"/>
    <property name="user.script" value=""/>
    <property name="sun.management.compiler" value="HotSpot 64-Bit Tiered Compilers"/>
    <property name="java.runtime.version" value="11.0.8+10"/>
    <property name="user.name" value="danie"/>
    <property name="path.separator" value=";"/>
    <property name="os.version" value="10.0"/>
    <property name="java.runtime.name" value="OpenJDK Runtime Environment"/>
    <property name="file.encoding" value="UTF-8"/>
    <property name="java.vm.name" value="OpenJDK 64-Bit Server VM"/>
    <property name="java.vendor.version" value="AdoptOpenJDK"/>
    <property name="localRepository" value="C:\Users\danie\.m2\repository"/>
    <property name="java.vendor.url.bug" value="https://github.com/AdoptOpenJDK/openjdk-support/issues"/>
    <property name="java.io.tmpdir" value="C:\Users\danie\AppData\Local\Temp\"/>
    <property name="java.version" value="11.0.8"/>
    <property name="user.dir" value="C:\Users\danie\Documents\NetBeansProjects\mooc-java-programming-ii\part09-Part09_10.OnlineShop"/>
    <property name="os.arch" value="amd64"/>
    <property name="java.vm.specification.name" value="Java Virtual Machine Specification"/>
    <property name="java.awt.printerjob" value="sun.awt.windows.WPrinterJob"/>
    <property name="sun.os.patch.level" value=""/>
    <property name="java.library.path" value="C:\Program Files\AdoptOpenJDK\jdk-11.0.8.10-hotspot\bin;C:\WINDOWS\Sun\Java\bin;C:\WINDOWS\system32;C:\WINDOWS;C:\Program Files\AdoptOpenJDK\jdk-11.0.8.10-hotspot\bin;C:\Program Files (x86)\Common Files\Oracle\Java\javapath;C:\Program Files\AdoptOpenJDK\jdk-8.0.265.01-hotspot\bin;C:\Windows\system32;C:\Windows;C:\Windows\System32\Wbem;C:\Windows\System32\WindowsPowerShell\v1.0\;C:\Windows\System32\OpenSSH\;C:\Program Files (x86)\NVIDIA Corporation\PhysX\Common;C:\Program Files\NVIDIA Corporation\NVIDIA NvDLISR;C:\WINDOWS\system32;C:\WINDOWS;C:\WINDOWS\System32\Wbem;C:\WINDOWS\System32\WindowsPowerShell\v1.0\;C:\WINDOWS\System32\OpenSSH\;C:\Users\danie\AppData\Local\Microsoft\WindowsApps;C:\Users\danie\AppData\Local\Programs\Microsoft VS Code\bin;C:\Users\danie\AppData\Local\atom\bin;."/>
    <property name="java.vm.info" value="mixed mode"/>
    <property name="java.vendor" value="AdoptOpenJDK"/>
    <property name="java.vm.version" value="11.0.8+10"/>
    <property name="sun.io.unicode.encoding" value="UnicodeLittle"/>
    <property name="java.class.version" value="55.0"/>
  </properties>
  <testcase name="shoppingWorks" classname="C_ShoppingCartTest" time="0">
    <failure message="Could not find class `ShoppingCart`." type="java.lang.AssertionError">java.lang.AssertionError: Could not find class `ShoppingCart`.
	at C_ShoppingCartTest.setup(C_ShoppingCartTest.java:21)
</failure>
  </testcase>
  <testcase name="methodPrintExits" classname="C_ShoppingCartTest" time="0.001">
    <failure message="Could not find class `ShoppingCart`." type="java.lang.AssertionError">java.lang.AssertionError: Could not find class `ShoppingCart`.
	at C_ShoppingCartTest.setup(C_ShoppingCartTest.java:21)
</failure>
  </testcase>
  <testcase name="addingTheSameProductTwiceDoesNotCreateTwoItems" classname="C_ShoppingCartTest" time="0">
    <failure message="Could not find class `ShoppingCart`." type="java.lang.AssertionError">java.lang.AssertionError: Could not find class `ShoppingCart`.
	at C_ShoppingCartTest.setup(C_ShoppingCartTest.java:21)
</failure>
  </testcase>
  <testcase name="methodAddExits" classname="C_ShoppingCartTest" time="0">
    <failure message="Could not find class `ShoppingCart`." type="java.lang.AssertionError">java.lang.AssertionError: Could not find class `ShoppingCart`.
	at C_ShoppingCartTest.setup(C_ShoppingCartTest.java:21)
</failure>
  </testcase>
  <testcase name="oneProductMultipleTimesAndSeveralOtherProducts" classname="C_ShoppingCartTest" time="0">
    <failure message="Could not find class `ShoppingCart`." type="java.lang.AssertionError">java.lang.AssertionError: Could not find class `ShoppingCart`.
	at C_ShoppingCartTest.setup(C_ShoppingCartTest.java:21)
</failure>
  </testcase>
  <testcase name="hasMapOrList" classname="C_ShoppingCartTest" time="0">
    <failure message="Could not find class `ShoppingCart`." type="java.lang.AssertionError">java.lang.AssertionError: Could not find class `ShoppingCart`.
	at C_ShoppingCartTest.setup(C_ShoppingCartTest.java:21)
</failure>
  </testcase>
  <testcase name="constructorCheck" classname="C_ShoppingCartTest" time="0">
    <failure message="Could not find class `ShoppingCart`." type="java.lang.AssertionError">java.lang.AssertionError: Could not find class `ShoppingCart`.
	at C_ShoppingCartTest.setup(C_ShoppingCartTest.java:21)
</failure>
  </testcase>
  <testcase name="addingThreeDifferentProducsIncreasesCartsPrice" classname="C_ShoppingCartTest" time="0">
    <failure message="Could not find class `ShoppingCart`." type="java.lang.AssertionError">java.lang.AssertionError: Could not find class `ShoppingCart`.
	at C_ShoppingCartTest.setup(C_ShoppingCartTest.java:21)
</failure>
  </testcase>
  <testcase name="addingAnItemIncreasesCartsPrice" classname="C_ShoppingCartTest" time="0">
    <failure message="Could not find class `ShoppingCart`." type="java.lang.AssertionError">java.lang.AssertionError: Could not find class `ShoppingCart`.
	at C_ShoppingCartTest.setup(C_ShoppingCartTest.java:21)
</failure>
  </testcase>
  <testcase name="printingWorks" classname="C_ShoppingCartTest" time="0">
    <failure message="Could not find class `ShoppingCart`." type="java.lang.AssertionError">java.lang.AssertionError: Could not find class `ShoppingCart`.
	at C_ShoppingCartTest.setup(C_ShoppingCartTest.java:21)
</failure>
  </testcase>
  <testcase name="addingTheSameProductTwiceIncreasesCartsPrice" classname="C_ShoppingCartTest" time="0">
    <failure message="Could not find class `ShoppingCart`." type="java.lang.AssertionError">java.lang.AssertionError: Could not find class `ShoppingCart`.
	at C_ShoppingCartTest.setup(C_ShoppingCartTest.java:21)
</failure>
  </testcase>
  <testcase name="storeClassExists" classname="C_ShoppingCartTest" time="0">
    <failure message="Could not find class `ShoppingCart`." type="java.lang.AssertionError">java.lang.AssertionError: Could not find class `ShoppingCart`.
	at C_ShoppingCartTest.setup(C_ShoppingCartTest.java:21)
</failure>
  </testcase>
  <testcase name="methodPriceExits" classname="C_ShoppingCartTest" time="0">
    <failure message="Could not find class `ShoppingCart`." type="java.lang.AssertionError">java.lang.AssertionError: Could not find class `ShoppingCart`.
	at C_ShoppingCartTest.setup(C_ShoppingCartTest.java:21)
</failure>
  </testcase>
  <testcase name="noExtraVariables" classname="C_ShoppingCartTest" time="0">
    <failure message="Could not find class `ShoppingCart`." type="java.lang.AssertionError">java.lang.AssertionError: Could not find class `ShoppingCart`.
	at C_ShoppingCartTest.setup(C_ShoppingCartTest.java:21)
</failure>
  </testcase>
  <testcase name="priceOfAnEmptyCartIsZero" classname="C_ShoppingCartTest" time="0">
    <failure message="Could not find class `ShoppingCart`." type="java.lang.AssertionError">java.lang.AssertionError: Could not find class `ShoppingCart`.
	at C_ShoppingCartTest.setup(C_ShoppingCartTest.java:21)
</failure>
  </testcase>
  <testcase name="theClassShoppingCartExits" classname="C_ShoppingCartTest" time="0">
    <failure message="Could not find class `ShoppingCart`." type="java.lang.AssertionError">java.lang.AssertionError: Could not find class `ShoppingCart`.
	at C_ShoppingCartTest.setup(C_ShoppingCartTest.java:21)
</failure>
  </testcase>
  <testcase name="addingTwoDifferentProductsIncreasesCartsPrice" classname="C_ShoppingCartTest" time="0">
    <failure message="Could not find class `ShoppingCart`." type="java.lang.AssertionError">java.lang.AssertionError: Could not find class `ShoppingCart`.
	at C_ShoppingCartTest.setup(C_ShoppingCartTest.java:21)
</failure>
  </testcase>
</testsuite>