<?xml version="1.0" encoding="UTF-8"?>
<testsuite xmlns:xsi="http://www.w3.org/2001/XMLSchema-instance" xsi:noNamespaceSchemaLocation="https://maven.apache.org/surefire/maven-surefire-plugin/xsd/surefire-test-report.xsd" name="C_ShoppingCartTest" time="0.002" tests="17" errors="0" skipped="0" failures="17">
  <properties>
[...]
</properties>
  <testcase name="shoppingWorks" classname="C_ShoppingCartTest" time="0">
    <failure message="Could not find class `ShoppingCart`." type="java.lang.AssertionError">java.lang.AssertionError: Could not find class `ShoppingCart`.
	at C_ShoppingCartTest.setup(C_ShoppingCartTest.java:21)
</failure>
  </testcase>
  <testcase name="methodPrintExits" classname="C_ShoppingCartTest" time="0.001">
    <failure message="Could not find class `ShoppingCart`." type="java.lang.AssertionError">java.lang.AssertionError: Could not find class `ShoppingCart`.
	at C_ShoppingCartTest.setup(C_ShoppingCartTest.java:21)
</failure>
  </testcase>
  <testcase name="addingTheSameProductTwiceDoesNotCreateTwoItems" classname="C_ShoppingCartTest" time="0">
    <failure message="Could not find class `ShoppingCart`." type="java.lang.AssertionError">java.lang.AssertionError: Could not find class `ShoppingCart`.
	at C_ShoppingCartTest.setup(C_ShoppingCartTest.java:21)
</failure>
  </testcase>
  <testcase name="methodAddExits" classname="C_ShoppingCartTest" time="0">
    <failure message="Could not find class `ShoppingCart`." type="java.lang.AssertionError">java.lang.AssertionError: Could not find class `ShoppingCart`.
	at C_ShoppingCartTest.setup(C_ShoppingCartTest.java:21)
</failure>
  </testcase>
  <testcase name="oneProductMultipleTimesAndSeveralOtherProducts" classname="C_ShoppingCartTest" time="0">
    <failure message="Could not find class `ShoppingCart`." type="java.lang.AssertionError">java.lang.AssertionError: Could not find class `ShoppingCart`.
	at C_ShoppingCartTest.setup(C_ShoppingCartTest.java:21)
</failure>
  </testcase>
  <testcase name="hasMapOrList" classname="C_ShoppingCartTest" time="0">
    <failure message="Could not find class `ShoppingCart`." type="java.lang.AssertionError">java.lang.AssertionError: Could not find class `ShoppingCart`.
	at C_ShoppingCartTest.setup(C_ShoppingCartTest.java:21)
</failure>
  </testcase>
  <testcase name="constructorCheck" classname="C_ShoppingCartTest" time="0">
    <failure message="Could not find class `ShoppingCart`." type="java.lang.AssertionError">java.lang.AssertionError: Could not find class `ShoppingCart`.
	at C_ShoppingCartTest.setup(C_ShoppingCartTest.java:21)
</failure>
  </testcase>
  <testcase name="addingThreeDifferentProducsIncreasesCartsPrice" classname="C_ShoppingCartTest" time="0">
    <failure message="Could not find class `ShoppingCart`." type="java.lang.AssertionError">java.lang.AssertionError: Could not find class `ShoppingCart`.
	at C_ShoppingCartTest.setup(C_ShoppingCartTest.java:21)
</failure>
  </testcase>
  <testcase name="addingAnItemIncreasesCartsPrice" classname="C_ShoppingCartTest" time="0">
    <failure message="Could not find class `ShoppingCart`." type="java.lang.AssertionError">java.lang.AssertionError: Could not find class `ShoppingCart`.
	at C_ShoppingCartTest.setup(C_ShoppingCartTest.java:21)
</failure>
  </testcase>
  <testcase name="printingWorks" classname="C_ShoppingCartTest" time="0">
    <failure message="Could not find class `ShoppingCart`." type="java.lang.AssertionError">java.lang.AssertionError: Could not find class `ShoppingCart`.
	at C_ShoppingCartTest.setup(C_ShoppingCartTest.java:21)
</failure>
  </testcase>
  <testcase name="addingTheSameProductTwiceIncreasesCartsPrice" classname="C_ShoppingCartTest" time="0">
    <failure message="Could not find class `ShoppingCart`." type="java.lang.AssertionError">java.lang.AssertionError: Could not find class `ShoppingCart`.
	at C_ShoppingCartTest.setup(C_ShoppingCartTest.java:21)
</failure>
  </testcase>
  <testcase name="storeClassExists" classname="C_ShoppingCartTest" time="0">
    <failure message="Could not find class `ShoppingCart`." type="java.lang.AssertionError">java.lang.AssertionError: Could not find class `ShoppingCart`.
	at C_ShoppingCartTest.setup(C_ShoppingCartTest.java:21)
</failure>
  </testcase>
  <testcase name="methodPriceExits" classname="C_ShoppingCartTest" time="0">
    <failure message="Could not find class `ShoppingCart`." type="java.lang.AssertionError">java.lang.AssertionError: Could not find class `ShoppingCart`.
	at C_ShoppingCartTest.setup(C_ShoppingCartTest.java:21)
</failure>
  </testcase>
  <testcase name="noExtraVariables" classname="C_ShoppingCartTest" time="0">
    <failure message="Could not find class `ShoppingCart`." type="java.lang.AssertionError">java.lang.AssertionError: Could not find class `ShoppingCart`.
	at C_ShoppingCartTest.setup(C_ShoppingCartTest.java:21)
</failure>
  </testcase>
  <testcase name="priceOfAnEmptyCartIsZero" classname="C_ShoppingCartTest" time="0">
    <failure message="Could not find class `ShoppingCart`." type="java.lang.AssertionError">java.lang.AssertionError: Could not find class `ShoppingCart`.
	at C_ShoppingCartTest.setup(C_ShoppingCartTest.java:21)
</failure>
  </testcase>
  <testcase name="theClassShoppingCartExits" classname="C_ShoppingCartTest" time="0">
    <failure message="Could not find class `ShoppingCart`." type="java.lang.AssertionError">java.lang.AssertionError: Could not find class `ShoppingCart`.
	at C_ShoppingCartTest.setup(C_ShoppingCartTest.java:21)
</failure>
  </testcase>
  <testcase name="addingTwoDifferentProductsIncreasesCartsPrice" classname="C_ShoppingCartTest" time="0">
    <failure message="Could not find class `ShoppingCart`." type="java.lang.AssertionError">java.lang.AssertionError: Could not find class `ShoppingCart`.
	at C_ShoppingCartTest.setup(C_ShoppingCartTest.java:21)
</failure>
  </testcase>
</testsuite>