-------------------------------------------------------------------------------
Test set: application.PartiesApplicationTest
-------------------------------------------------------------------------------
Tests run: 1, Failures: 1, Errors: 0, Skipped: 0, Time elapsed: 1.698 s <<< FAILURE! - in application.PartiesApplicationTest
chartTest(application.PartiesApplicationTest)  Time elapsed: 1.591 s  <<< FAILURE!
java.lang.AssertionError: There should be seven lines in the chart. Now their number was 0 expected:<7> but was:<0>
	at application.PartiesApplicationTest.chartTest(PartiesApplicationTest.java:90)

