<?xml version="1.0" encoding="UTF-8"?>
<testsuite xmlns:xsi="http://www.w3.org/2001/XMLSchema-instance" xsi:noNamespaceSchemaLocation="https://maven.apache.org/surefire/maven-surefire-plugin/xsd/surefire-test-report.xsd" name="smiley.SmileyTest" time="1.611" tests="2" errors="0" skipped="0" failures="0">
  <properties>
[...]
</properties>
  <testcase name="sceneOfStageHasBorderPane" classname="smiley.SmileyTest" time="1.149"/>
  <testcase name="somethingDrawnOnCanvas" classname="smiley.SmileyTest" time="0.309"/>
</testsuite>